0 info it worked if it ends with ok
1 verbose cli [ '/usr/local/bin/node',
1 verbose cli   '/usr/local/bin/npm',
1 verbose cli   'install',
1 verbose cli   '-g',
1 verbose cli   'bower' ]
2 info using npm@2.14.12
3 info using node@v4.3.1
4 verbose install initial load of /usr/local/lib/package.json
5 verbose readDependencies loading dependencies from /usr/local/lib/package.json
6 silly cache add args [ 'bower', null ]
7 verbose cache add spec bower
8 silly cache add parsed spec Result {
8 silly cache add   raw: 'bower',
8 silly cache add   scope: null,
8 silly cache add   name: 'bower',
8 silly cache add   rawSpec: '',
8 silly cache add   spec: 'latest',
8 silly cache add   type: 'tag' }
9 silly addNamed bower@latest
10 verbose addNamed "latest" is being treated as a dist-tag for bower
11 info addNameTag [ 'bower', 'latest' ]
12 silly mapToRegistry name bower
13 silly mapToRegistry using default registry
14 silly mapToRegistry registry https://registry.npmjs.org/
15 silly mapToRegistry uri https://registry.npmjs.org/bower
16 verbose addNameTag registry:https://registry.npmjs.org/bower not in flight; fetching
17 verbose request uri https://registry.npmjs.org/bower
18 verbose request no auth needed
19 info attempt registry request try #1 at 10:19:45 AM
20 verbose request id c2de8cedfc10e044
21 verbose etag "DIQD8JQ19KYSO63JXFPBKR83D"
22 http request GET https://registry.npmjs.org/bower
23 http 200 https://registry.npmjs.org/bower
24 verbose headers { server: 'CouchDB/1.5.0 (Erlang OTP/R16B03)',
24 verbose headers   etag: '"9XA1KF9YSJZE07O5DM1V44QFZ"',
24 verbose headers   'content-type': 'application/json',
24 verbose headers   'content-encoding': 'gzip',
24 verbose headers   'cache-control': 'max-age=300',
24 verbose headers   'content-length': '20477',
24 verbose headers   'accept-ranges': 'bytes',
24 verbose headers   date: 'Wed, 08 Jun 2016 15:19:45 GMT',
24 verbose headers   via: '1.1 varnish',
24 verbose headers   age: '149',
24 verbose headers   connection: 'keep-alive',
24 verbose headers   'x-served-by': 'cache-iad2135-IAD',
24 verbose headers   'x-cache': 'HIT',
24 verbose headers   'x-cache-hits': '4',
24 verbose headers   'x-timer': 'S1465399185.974734,VS0,VE0',
24 verbose headers   vary: 'Accept-Encoding' }
25 silly get cb [ 200,
25 silly get   { server: 'CouchDB/1.5.0 (Erlang OTP/R16B03)',
25 silly get     etag: '"9XA1KF9YSJZE07O5DM1V44QFZ"',
25 silly get     'content-type': 'application/json',
25 silly get     'content-encoding': 'gzip',
25 silly get     'cache-control': 'max-age=300',
25 silly get     'content-length': '20477',
25 silly get     'accept-ranges': 'bytes',
25 silly get     date: 'Wed, 08 Jun 2016 15:19:45 GMT',
25 silly get     via: '1.1 varnish',
25 silly get     age: '149',
25 silly get     connection: 'keep-alive',
25 silly get     'x-served-by': 'cache-iad2135-IAD',
25 silly get     'x-cache': 'HIT',
25 silly get     'x-cache-hits': '4',
25 silly get     'x-timer': 'S1465399185.974734,VS0,VE0',
25 silly get     vary: 'Accept-Encoding' } ]
26 verbose get saving bower to /Users/kayleecummings/.npm/registry.npmjs.org/bower/.cache.json
27 silly addNameTag next cb for bower with tag latest
28 silly addNamed bower@1.7.9
29 verbose addNamed "1.7.9" is a plain semver version for bower
30 silly cache afterAdd bower@1.7.9
31 verbose afterAdd /Users/kayleecummings/.npm/bower/1.7.9/package/package.json not in flight; writing
32 verbose afterAdd /Users/kayleecummings/.npm/bower/1.7.9/package/package.json written
33 silly install resolved [ { name: 'bower',
33 silly install resolved     version: '1.7.9',
33 silly install resolved     description: 'The browser package manager',
33 silly install resolved     author: { name: 'Twitter' },
33 silly install resolved     license: 'MIT',
33 silly install resolved     repository: { type: 'git', url: 'git+https://github.com/bower/bower.git' },
33 silly install resolved     main: 'lib',
33 silly install resolved     bin: { bower: 'bin/bower' },
33 silly install resolved     homepage: 'http://bower.io',
33 silly install resolved     engines: { node: '>=0.10.0' },
33 silly install resolved     keywords: [ 'bower' ],
33 silly install resolved     files: [ 'bin', 'lib' ],
33 silly install resolved     bugs: { url: 'https://github.com/bower/bower/issues' },
33 silly install resolved     _id: 'bower@1.7.9',
33 silly install resolved     scripts: {},
33 silly install resolved     _shasum: 'b7296c2393e0d75edaa6ca39648132dd255812b0',
33 silly install resolved     _from: 'bower@latest',
33 silly install resolved     _npmVersion: '3.7.3',
33 silly install resolved     _nodeVersion: '5.9.0',
33 silly install resolved     _npmUser: { name: 'sheerun', email: 'sheerun@sher.pl' },
33 silly install resolved     dist:
33 silly install resolved      { shasum: 'b7296c2393e0d75edaa6ca39648132dd255812b0',
33 silly install resolved        tarball: 'https://registry.npmjs.org/bower/-/bower-1.7.9.tgz' },
33 silly install resolved     maintainers:
33 silly install resolved      [ [Object],
33 silly install resolved        [Object],
33 silly install resolved        [Object],
33 silly install resolved        [Object],
33 silly install resolved        [Object],
33 silly install resolved        [Object],
33 silly install resolved        [Object] ],
33 silly install resolved     _npmOperationalInternal:
33 silly install resolved      { host: 'packages-12-west.internal.npmjs.com',
33 silly install resolved        tmp: 'tmp/bower-1.7.9.tgz_1459857239351_0.9720134933013469' },
33 silly install resolved     directories: {},
33 silly install resolved     _resolved: 'https://registry.npmjs.org/bower/-/bower-1.7.9.tgz',
33 silly install resolved     readme: 'ERROR: No README data found!' } ]
34 info install bower@1.7.9 into /usr/local/lib
35 info installOne bower@1.7.9
36 verbose installOne of bower to /usr/local/lib not in flight; installing
37 verbose lock using /Users/kayleecummings/.npm/_locks/bower-e8debc5417026b57.lock for /usr/local/lib/node_modules/bower
38 silly install write writing bower 1.7.9 to /usr/local/lib/node_modules/bower
39 verbose unbuild lib/node_modules/bower
40 info preuninstall bower@1.7.7
41 info uninstall bower@1.7.7
42 verbose unbuild rmStuff bower@1.7.7 from /usr/local/lib/node_modules
43 silly gentlyRm /usr/local/bin/bower is being gently removed
44 silly gentlyRm verifying /usr/local is an npm working directory
45 silly gentlyRm containing path /usr/local is under npm's control, in /usr/local
46 silly gentlyRm deletion target /usr/local/bin/bower is under /usr/local
47 verbose gentlyRm vacuuming from /usr/local/bin/bower up to /usr/local
48 silly vacuum-fs removing /usr/local/bin/bower
49 silly vacuum-fs quitting because other entries in /usr/local/bin
50 info postuninstall bower@1.7.7
51 silly gentlyRm /usr/local/lib/node_modules/bower is being purged from base /usr/local
52 verbose gentlyRm don't care about contents; nuking /usr/local/lib/node_modules/bower
53 silly vacuum-fs purging /usr/local/lib/node_modules/bower
54 verbose unlock done using /Users/kayleecummings/.npm/_locks/bower-e8debc5417026b57.lock for /usr/local/lib/node_modules/bower
55 verbose stack Error: EACCES: permission denied, rmdir '/usr/local/lib/node_modules/bower'
55 verbose stack     at Error (native)
56 verbose cwd /Users/kayleecummings/workspace/NotDolls/lib
57 error Darwin 15.5.0
58 error argv "/usr/local/bin/node" "/usr/local/bin/npm" "install" "-g" "bower"
59 error node v4.3.1
60 error npm  v2.14.12
61 error path /usr/local/lib/node_modules/bower
62 error code EACCES
63 error errno -13
64 error syscall rmdir
65 error Error: EACCES: permission denied, rmdir '/usr/local/lib/node_modules/bower'
65 error     at Error (native)
65 error  { [Error: EACCES: permission denied, rmdir '/usr/local/lib/node_modules/bower']
65 error   errno: -13,
65 error   code: 'EACCES',
65 error   syscall: 'rmdir',
65 error   path: '/usr/local/lib/node_modules/bower' }
66 error Please try running this command again as root/Administrator.
67 verbose exit [ -13, true ]
68 verbose unbuild lib/node_modules/bower
69 info preuninstall bower@1.7.7
70 info uninstall bower@1.7.7
71 verbose unbuild rmStuff bower@1.7.7 from /usr/local/lib/node_modules
72 silly gentlyRm /usr/local/bin/bower is being gently removed
73 silly gentlyRm verifying /usr/local is an npm working directory
74 silly gentlyRm containing path /usr/local is under npm's control, in /usr/local
75 silly gentlyRm deletion target /usr/local/bin/bower is under /usr/local
76 verbose gentlyRm vacuuming from /usr/local/bin/bower up to /usr/local
77 info postuninstall bower@1.7.7
78 silly gentlyRm /usr/local/lib/node_modules/bower is being purged from base /usr/local
79 verbose gentlyRm don't care about contents; nuking /usr/local/lib/node_modules/bower
80 silly vacuum-fs purging /usr/local/lib/node_modules/bower
81 error error rolling back Error: EACCES: permission denied, rmdir '/usr/local/lib/node_modules/bower'
81 error error rolling back     at Error (native)
81 error error rolling back  { [Error: EACCES: permission denied, rmdir '/usr/local/lib/node_modules/bower']
81 error error rolling back   errno: -13,
81 error error rolling back   code: 'EACCES',
81 error error rolling back   syscall: 'rmdir',
81 error error rolling back   path: '/usr/local/lib/node_modules/bower' }
